[2020-04-15T22:44:53.423] [INFO] access - ::1 - - "GET /calendar/ HTTP/1.1" 200 14890 "http://localhost:3000/calendar/" "Mozilla/5.0 (Windows NT 6.3; Win64; x64) AppleWebKit/537.36 (KHTML, like Gecko) Chrome/80.0.3987.149 Safari/537.36"
[2020-04-15T22:44:53.718] [INFO] access - ::1 - - "GET /calendar/css/ress.css HTTP/1.1" 200 7068 "http://localhost:3000/calendar/" "Mozilla/5.0 (Windows NT 6.3; Win64; x64) AppleWebKit/537.36 (KHTML, like Gecko) Chrome/80.0.3987.149 Safari/537.36"
[2020-04-15T22:44:53.723] [INFO] access - ::1 - - "GET /calendar/css/picker.min.css HTTP/1.1" 200 4810 "http://localhost:3000/calendar/" "Mozilla/5.0 (Windows NT 6.3; Win64; x64) AppleWebKit/537.36 (KHTML, like Gecko) Chrome/80.0.3987.149 Safari/537.36"
[2020-04-15T22:44:53.745] [INFO] access - ::1 - - "GET /calendar/js/raindrops.js HTTP/1.1" 200 4551 "http://localhost:3000/calendar/" "Mozilla/5.0 (Windows NT 6.3; Win64; x64) AppleWebKit/537.36 (KHTML, like Gecko) Chrome/80.0.3987.149 Safari/537.36"
[2020-04-15T22:44:53.771] [INFO] access - ::1 - - "GET /calendar/css/style.css HTTP/1.1" 200 15279 "http://localhost:3000/calendar/" "Mozilla/5.0 (Windows NT 6.3; Win64; x64) AppleWebKit/537.36 (KHTML, like Gecko) Chrome/80.0.3987.149 Safari/537.36"
[2020-04-15T22:44:53.802] [INFO] access - ::1 - - "GET /calendar/js/picker.min.js HTTP/1.1" 200 17616 "http://localhost:3000/calendar/" "Mozilla/5.0 (Windows NT 6.3; Win64; x64) AppleWebKit/537.36 (KHTML, like Gecko) Chrome/80.0.3987.149 Safari/537.36"
[2020-04-15T22:44:53.821] [INFO] access - ::1 - - "GET /calendar/js/api.js HTTP/1.1" 200 9105 "http://localhost:3000/calendar/" "Mozilla/5.0 (Windows NT 6.3; Win64; x64) AppleWebKit/537.36 (KHTML, like Gecko) Chrome/80.0.3987.149 Safari/537.36"
[2020-04-15T22:44:53.838] [INFO] access - ::1 - - "GET /calendar/js/function.js HTTP/1.1" 200 45043 "http://localhost:3000/calendar/" "Mozilla/5.0 (Windows NT 6.3; Win64; x64) AppleWebKit/537.36 (KHTML, like Gecko) Chrome/80.0.3987.149 Safari/537.36"
[2020-04-15T22:44:53.869] [INFO] access - ::1 - - "GET /calendar/index.js HTTP/1.1" 200 24423 "http://localhost:3000/calendar/" "Mozilla/5.0 (Windows NT 6.3; Win64; x64) AppleWebKit/537.36 (KHTML, like Gecko) Chrome/80.0.3987.149 Safari/537.36"
[2020-04-15T22:44:53.880] [INFO] access - ::1 - - "GET /calendar/img/left-arrow.png HTTP/1.1" 200 486 "http://localhost:3000/calendar/" "Mozilla/5.0 (Windows NT 6.3; Win64; x64) AppleWebKit/537.36 (KHTML, like Gecko) Chrome/80.0.3987.149 Safari/537.36"
[2020-04-15T22:44:53.887] [INFO] access - ::1 - - "GET /calendar/js/config.js HTTP/1.1" 200 135 "http://localhost:3000/calendar/" "Mozilla/5.0 (Windows NT 6.3; Win64; x64) AppleWebKit/537.36 (KHTML, like Gecko) Chrome/80.0.3987.149 Safari/537.36"
[2020-04-15T22:44:53.912] [INFO] access - ::1 - - "GET /calendar/img/right-arrow.png HTTP/1.1" 200 491 "http://localhost:3000/calendar/" "Mozilla/5.0 (Windows NT 6.3; Win64; x64) AppleWebKit/537.36 (KHTML, like Gecko) Chrome/80.0.3987.149 Safari/537.36"
[2020-04-15T22:44:54.037] [INFO] access - ::1 - - "GET /calendar/img/time.png HTTP/1.1" 200 613 "http://localhost:3000/calendar/" "Mozilla/5.0 (Windows NT 6.3; Win64; x64) AppleWebKit/537.36 (KHTML, like Gecko) Chrome/80.0.3987.149 Safari/537.36"
[2020-04-15T22:44:54.045] [INFO] access - ::1 - - "GET /calendar/img/people.png HTTP/1.1" 200 625 "http://localhost:3000/calendar/" "Mozilla/5.0 (Windows NT 6.3; Win64; x64) AppleWebKit/537.36 (KHTML, like Gecko) Chrome/80.0.3987.149 Safari/537.36"
[2020-04-15T22:44:54.311] [INFO] access - ::1 - - "GET /calendar/img/btn_use.png HTTP/1.1" 200 11483 "http://localhost:3000/calendar/" "Mozilla/5.0 (Windows NT 6.3; Win64; x64) AppleWebKit/537.36 (KHTML, like Gecko) Chrome/80.0.3987.149 Safari/537.36"
[2020-04-15T22:44:54.316] [INFO] access - ::1 - - "GET /calendar/img/btn_wagon.png HTTP/1.1" 200 10315 "http://localhost:3000/calendar/" "Mozilla/5.0 (Windows NT 6.3; Win64; x64) AppleWebKit/537.36 (KHTML, like Gecko) Chrome/80.0.3987.149 Safari/537.36"
[2020-04-15T22:44:54.318] [INFO] access - ::1 - - "GET /calendar/img/btn_close.png HTTP/1.1" 200 9385 "http://localhost:3000/calendar/" "Mozilla/5.0 (Windows NT 6.3; Win64; x64) AppleWebKit/537.36 (KHTML, like Gecko) Chrome/80.0.3987.149 Safari/537.36"
[2020-04-15T22:44:54.349] [INFO] access - ::1 - - "GET /calendar/img/close.png HTTP/1.1" 200 498 "http://localhost:3000/calendar/" "Mozilla/5.0 (Windows NT 6.3; Win64; x64) AppleWebKit/537.36 (KHTML, like Gecko) Chrome/80.0.3987.149 Safari/537.36"
[2020-04-15T22:44:54.351] [INFO] access - ::1 - - "GET /calendar/img/btn_hozon.png HTTP/1.1" 200 4261 "http://localhost:3000/calendar/" "Mozilla/5.0 (Windows NT 6.3; Win64; x64) AppleWebKit/537.36 (KHTML, like Gecko) Chrome/80.0.3987.149 Safari/537.36"
[2020-04-15T22:44:54.354] [INFO] access - ::1 - - "GET /calendar/img/btn_edit.png HTTP/1.1" 200 4727 "http://localhost:3000/calendar/" "Mozilla/5.0 (Windows NT 6.3; Win64; x64) AppleWebKit/537.36 (KHTML, like Gecko) Chrome/80.0.3987.149 Safari/537.36"
[2020-04-15T22:44:54.408] [INFO] access - ::1 - - "GET /calendar/img/btn_delete.png HTTP/1.1" 200 7871 "http://localhost:3000/calendar/" "Mozilla/5.0 (Windows NT 6.3; Win64; x64) AppleWebKit/537.36 (KHTML, like Gecko) Chrome/80.0.3987.149 Safari/537.36"
[2020-04-15T22:44:54.962] [ERROR] access - ::1 - - "GET /favicon.ico HTTP/1.1" 404 150 "http://localhost:3000/calendar/" "Mozilla/5.0 (Windows NT 6.3; Win64; x64) AppleWebKit/537.36 (KHTML, like Gecko) Chrome/80.0.3987.149 Safari/537.36"
