[2020-04-17T18:07:52.579] [ERROR] access - ::1 - - "GET /robots.txt HTTP/1.1" 404 149 "" "Mozilla/5.0 (Windows NT 6.3; Win64; x64) AppleWebKit/537.36 (KHTML, like Gecko) Chrome/81.0.4044.113 Safari/537.36"
[2020-04-17T18:07:52.586] [ERROR] access - ::1 - - "GET / HTTP/1.1" 404 139 "" "Mozilla/5.0 (Windows NT 6.3; Win64; x64) AppleWebKit/537.36 (KHTML, like Gecko) Chrome/81.0.4044.113 Safari/537.36"
[2020-04-17T18:07:53.222] [ERROR] access - ::1 - - "GET /favicon.ico HTTP/1.1" 404 150 "http://localhost:3000/" "Mozilla/5.0 (Windows NT 6.3; Win64; x64) AppleWebKit/537.36 (KHTML, like Gecko) Chrome/81.0.4044.113 Safari/537.36"
[2020-04-17T18:07:56.501] [INFO] access - ::1 - - "GET /calendar/ HTTP/1.1" 200 14890 "" "Mozilla/5.0 (Windows NT 6.3; Win64; x64) AppleWebKit/537.36 (KHTML, like Gecko) Chrome/81.0.4044.113 Safari/537.36"
[2020-04-17T18:07:56.830] [INFO] access - ::1 - - "GET /calendar/css/ress.css HTTP/1.1" 200 7068 "http://localhost:3000/calendar/" "Mozilla/5.0 (Windows NT 6.3; Win64; x64) AppleWebKit/537.36 (KHTML, like Gecko) Chrome/81.0.4044.113 Safari/537.36"
[2020-04-17T18:07:56.835] [INFO] access - ::1 - - "GET /calendar/css/picker.min.css HTTP/1.1" 200 4810 "http://localhost:3000/calendar/" "Mozilla/5.0 (Windows NT 6.3; Win64; x64) AppleWebKit/537.36 (KHTML, like Gecko) Chrome/81.0.4044.113 Safari/537.36"
[2020-04-17T18:07:56.839] [INFO] access - ::1 - - "GET /calendar/css/style.css HTTP/1.1" 200 15279 "http://localhost:3000/calendar/" "Mozilla/5.0 (Windows NT 6.3; Win64; x64) AppleWebKit/537.36 (KHTML, like Gecko) Chrome/81.0.4044.113 Safari/537.36"
[2020-04-17T18:07:56.850] [INFO] access - ::1 - - "GET /calendar/js/raindrops.js HTTP/1.1" 200 4551 "http://localhost:3000/calendar/" "Mozilla/5.0 (Windows NT 6.3; Win64; x64) AppleWebKit/537.36 (KHTML, like Gecko) Chrome/81.0.4044.113 Safari/537.36"
[2020-04-17T18:07:56.891] [INFO] access - ::1 - - "GET /calendar/js/picker.min.js HTTP/1.1" 200 17616 "http://localhost:3000/calendar/" "Mozilla/5.0 (Windows NT 6.3; Win64; x64) AppleWebKit/537.36 (KHTML, like Gecko) Chrome/81.0.4044.113 Safari/537.36"
[2020-04-17T18:07:56.929] [INFO] access - ::1 - - "GET /calendar/js/config.js HTTP/1.1" 200 135 "http://localhost:3000/calendar/" "Mozilla/5.0 (Windows NT 6.3; Win64; x64) AppleWebKit/537.36 (KHTML, like Gecko) Chrome/81.0.4044.113 Safari/537.36"
[2020-04-17T18:07:56.937] [INFO] access - ::1 - - "GET /calendar/js/api.js HTTP/1.1" 200 9143 "http://localhost:3000/calendar/" "Mozilla/5.0 (Windows NT 6.3; Win64; x64) AppleWebKit/537.36 (KHTML, like Gecko) Chrome/81.0.4044.113 Safari/537.36"
[2020-04-17T18:07:56.944] [INFO] access - ::1 - - "GET /calendar/js/function.js HTTP/1.1" 200 45062 "http://localhost:3000/calendar/" "Mozilla/5.0 (Windows NT 6.3; Win64; x64) AppleWebKit/537.36 (KHTML, like Gecko) Chrome/81.0.4044.113 Safari/537.36"
[2020-04-17T18:07:56.956] [INFO] access - ::1 - - "GET /calendar/img/left-arrow.png HTTP/1.1" 200 486 "http://localhost:3000/calendar/" "Mozilla/5.0 (Windows NT 6.3; Win64; x64) AppleWebKit/537.36 (KHTML, like Gecko) Chrome/81.0.4044.113 Safari/537.36"
[2020-04-17T18:07:56.961] [INFO] access - ::1 - - "GET /calendar/index.js HTTP/1.1" 200 24423 "http://localhost:3000/calendar/" "Mozilla/5.0 (Windows NT 6.3; Win64; x64) AppleWebKit/537.36 (KHTML, like Gecko) Chrome/81.0.4044.113 Safari/537.36"
[2020-04-17T18:07:56.968] [INFO] access - ::1 - - "GET /calendar/img/right-arrow.png HTTP/1.1" 200 491 "http://localhost:3000/calendar/" "Mozilla/5.0 (Windows NT 6.3; Win64; x64) AppleWebKit/537.36 (KHTML, like Gecko) Chrome/81.0.4044.113 Safari/537.36"
[2020-04-17T18:07:56.974] [INFO] access - ::1 - - "GET /calendar/img/time.png HTTP/1.1" 200 613 "http://localhost:3000/calendar/" "Mozilla/5.0 (Windows NT 6.3; Win64; x64) AppleWebKit/537.36 (KHTML, like Gecko) Chrome/81.0.4044.113 Safari/537.36"
[2020-04-17T18:07:56.987] [INFO] access - ::1 - - "GET /calendar/img/people.png HTTP/1.1" 200 625 "http://localhost:3000/calendar/" "Mozilla/5.0 (Windows NT 6.3; Win64; x64) AppleWebKit/537.36 (KHTML, like Gecko) Chrome/81.0.4044.113 Safari/537.36"
[2020-04-17T18:07:56.990] [INFO] access - ::1 - - "GET /calendar/img/btn_use.png HTTP/1.1" 200 11483 "http://localhost:3000/calendar/" "Mozilla/5.0 (Windows NT 6.3; Win64; x64) AppleWebKit/537.36 (KHTML, like Gecko) Chrome/81.0.4044.113 Safari/537.36"
[2020-04-17T18:07:56.998] [INFO] access - ::1 - - "GET /calendar/img/btn_wagon.png HTTP/1.1" 200 10315 "http://localhost:3000/calendar/" "Mozilla/5.0 (Windows NT 6.3; Win64; x64) AppleWebKit/537.36 (KHTML, like Gecko) Chrome/81.0.4044.113 Safari/537.36"
[2020-04-17T18:07:57.002] [INFO] access - ::1 - - "GET /calendar/img/btn_close.png HTTP/1.1" 200 9385 "http://localhost:3000/calendar/" "Mozilla/5.0 (Windows NT 6.3; Win64; x64) AppleWebKit/537.36 (KHTML, like Gecko) Chrome/81.0.4044.113 Safari/537.36"
[2020-04-17T18:07:57.008] [INFO] access - ::1 - - "GET /calendar/img/close.png HTTP/1.1" 200 498 "http://localhost:3000/calendar/" "Mozilla/5.0 (Windows NT 6.3; Win64; x64) AppleWebKit/537.36 (KHTML, like Gecko) Chrome/81.0.4044.113 Safari/537.36"
[2020-04-17T18:07:57.019] [INFO] access - ::1 - - "GET /calendar/img/btn_hozon.png HTTP/1.1" 200 4261 "http://localhost:3000/calendar/" "Mozilla/5.0 (Windows NT 6.3; Win64; x64) AppleWebKit/537.36 (KHTML, like Gecko) Chrome/81.0.4044.113 Safari/537.36"
[2020-04-17T18:07:57.031] [INFO] access - ::1 - - "GET /calendar/img/btn_edit.png HTTP/1.1" 200 4727 "http://localhost:3000/calendar/" "Mozilla/5.0 (Windows NT 6.3; Win64; x64) AppleWebKit/537.36 (KHTML, like Gecko) Chrome/81.0.4044.113 Safari/537.36"
[2020-04-17T18:07:57.035] [INFO] access - ::1 - - "GET /calendar/img/btn_delete.png HTTP/1.1" 200 7871 "http://localhost:3000/calendar/" "Mozilla/5.0 (Windows NT 6.3; Win64; x64) AppleWebKit/537.36 (KHTML, like Gecko) Chrome/81.0.4044.113 Safari/537.36"
[2020-04-17T18:07:59.606] [INFO] access - ::1 - - "GET /api/getSchedule HTTP/1.1" 200 65164 "http://localhost:3000/calendar/" "Mozilla/5.0 (Windows NT 6.3; Win64; x64) AppleWebKit/537.36 (KHTML, like Gecko) Chrome/81.0.4044.113 Safari/537.36"
[2020-04-17T18:08:08.493] [INFO] access - ::1 - - "POST /api/postSchedule HTTP/1.1" 200 2317 "http://localhost:3000/calendar/" "Mozilla/5.0 (Windows NT 6.3; Win64; x64) AppleWebKit/537.36 (KHTML, like Gecko) Chrome/81.0.4044.113 Safari/537.36"
[2020-04-17T18:08:08.988] [INFO] access - ::1 - - "GET /api/getSchedule HTTP/1.1" 200 66606 "http://localhost:3000/calendar/" "Mozilla/5.0 (Windows NT 6.3; Win64; x64) AppleWebKit/537.36 (KHTML, like Gecko) Chrome/81.0.4044.113 Safari/537.36"
[2020-04-17T18:08:09.012] [WARN] access - ::1 - - "GET /calendar/img/people_w.png HTTP/1.1" 304 - "http://localhost:3000/calendar/" "Mozilla/5.0 (Windows NT 6.3; Win64; x64) AppleWebKit/537.36 (KHTML, like Gecko) Chrome/81.0.4044.113 Safari/537.36"
[2020-04-17T18:08:12.955] [INFO] access - ::1 - - "GET /api/getSchedule?id=5e9971f8e4b0322289d410a1 HTTP/1.1" 200 1441 "http://localhost:3000/calendar/" "Mozilla/5.0 (Windows NT 6.3; Win64; x64) AppleWebKit/537.36 (KHTML, like Gecko) Chrome/81.0.4044.113 Safari/537.36"
[2020-04-17T18:08:19.133] [INFO] access - ::1 - - "POST /api/updateSchedule/5e9971f8e4b0322289d410a1 HTTP/1.1" 200 1444 "http://localhost:3000/calendar/" "Mozilla/5.0 (Windows NT 6.3; Win64; x64) AppleWebKit/537.36 (KHTML, like Gecko) Chrome/81.0.4044.113 Safari/537.36"
[2020-04-17T18:08:19.502] [INFO] access - ::1 - - "GET /api/getSchedule HTTP/1.1" 200 66606 "http://localhost:3000/calendar/" "Mozilla/5.0 (Windows NT 6.3; Win64; x64) AppleWebKit/537.36 (KHTML, like Gecko) Chrome/81.0.4044.113 Safari/537.36"
[2020-04-17T18:12:56.663] [INFO] access - ::1 - - "GET /calendar/ HTTP/1.1" 200 14890 "" "Mozilla/5.0 (Windows NT 6.3; Win64; x64) AppleWebKit/537.36 (KHTML, like Gecko) Chrome/81.0.4044.113 Safari/537.36"
[2020-04-17T18:12:56.846] [INFO] access - ::1 - - "GET /calendar/css/ress.css HTTP/1.1" 200 7068 "http://localhost:3000/calendar/" "Mozilla/5.0 (Windows NT 6.3; Win64; x64) AppleWebKit/537.36 (KHTML, like Gecko) Chrome/81.0.4044.113 Safari/537.36"
[2020-04-17T18:12:56.856] [INFO] access - ::1 - - "GET /calendar/css/picker.min.css HTTP/1.1" 200 4810 "http://localhost:3000/calendar/" "Mozilla/5.0 (Windows NT 6.3; Win64; x64) AppleWebKit/537.36 (KHTML, like Gecko) Chrome/81.0.4044.113 Safari/537.36"
[2020-04-17T18:12:56.886] [INFO] access - ::1 - - "GET /calendar/css/style.css HTTP/1.1" 200 15279 "http://localhost:3000/calendar/" "Mozilla/5.0 (Windows NT 6.3; Win64; x64) AppleWebKit/537.36 (KHTML, like Gecko) Chrome/81.0.4044.113 Safari/537.36"
[2020-04-17T18:12:56.894] [INFO] access - ::1 - - "GET /calendar/js/raindrops.js HTTP/1.1" 200 4551 "http://localhost:3000/calendar/" "Mozilla/5.0 (Windows NT 6.3; Win64; x64) AppleWebKit/537.36 (KHTML, like Gecko) Chrome/81.0.4044.113 Safari/537.36"
[2020-04-17T18:12:56.901] [INFO] access - ::1 - - "GET /calendar/js/picker.min.js HTTP/1.1" 200 17616 "http://localhost:3000/calendar/" "Mozilla/5.0 (Windows NT 6.3; Win64; x64) AppleWebKit/537.36 (KHTML, like Gecko) Chrome/81.0.4044.113 Safari/537.36"
[2020-04-17T18:12:56.906] [INFO] access - ::1 - - "GET /calendar/js/config.js HTTP/1.1" 200 135 "http://localhost:3000/calendar/" "Mozilla/5.0 (Windows NT 6.3; Win64; x64) AppleWebKit/537.36 (KHTML, like Gecko) Chrome/81.0.4044.113 Safari/537.36"
[2020-04-17T18:12:56.982] [INFO] access - ::1 - - "GET /calendar/js/api.js HTTP/1.1" 200 9143 "http://localhost:3000/calendar/" "Mozilla/5.0 (Windows NT 6.3; Win64; x64) AppleWebKit/537.36 (KHTML, like Gecko) Chrome/81.0.4044.113 Safari/537.36"
[2020-04-17T18:12:56.985] [INFO] access - ::1 - - "GET /calendar/js/function.js HTTP/1.1" 200 45062 "http://localhost:3000/calendar/" "Mozilla/5.0 (Windows NT 6.3; Win64; x64) AppleWebKit/537.36 (KHTML, like Gecko) Chrome/81.0.4044.113 Safari/537.36"
[2020-04-17T18:12:57.002] [INFO] access - ::1 - - "GET /calendar/index.js HTTP/1.1" 200 24423 "http://localhost:3000/calendar/" "Mozilla/5.0 (Windows NT 6.3; Win64; x64) AppleWebKit/537.36 (KHTML, like Gecko) Chrome/81.0.4044.113 Safari/537.36"
[2020-04-17T18:12:57.065] [INFO] access - ::1 - - "GET /calendar/img/left-arrow.png HTTP/1.1" 200 486 "http://localhost:3000/calendar/" "Mozilla/5.0 (Windows NT 6.3; Win64; x64) AppleWebKit/537.36 (KHTML, like Gecko) Chrome/81.0.4044.113 Safari/537.36"
[2020-04-17T18:12:57.177] [INFO] access - ::1 - - "GET /calendar/img/right-arrow.png HTTP/1.1" 200 491 "http://localhost:3000/calendar/" "Mozilla/5.0 (Windows NT 6.3; Win64; x64) AppleWebKit/537.36 (KHTML, like Gecko) Chrome/81.0.4044.113 Safari/537.36"
[2020-04-17T18:12:57.180] [INFO] access - ::1 - - "GET /calendar/img/time.png HTTP/1.1" 200 613 "http://localhost:3000/calendar/" "Mozilla/5.0 (Windows NT 6.3; Win64; x64) AppleWebKit/537.36 (KHTML, like Gecko) Chrome/81.0.4044.113 Safari/537.36"
[2020-04-17T18:12:57.314] [INFO] access - ::1 - - "GET /calendar/img/people.png HTTP/1.1" 200 625 "http://localhost:3000/calendar/" "Mozilla/5.0 (Windows NT 6.3; Win64; x64) AppleWebKit/537.36 (KHTML, like Gecko) Chrome/81.0.4044.113 Safari/537.36"
[2020-04-17T18:12:57.317] [INFO] access - ::1 - - "GET /calendar/img/btn_use.png HTTP/1.1" 200 11483 "http://localhost:3000/calendar/" "Mozilla/5.0 (Windows NT 6.3; Win64; x64) AppleWebKit/537.36 (KHTML, like Gecko) Chrome/81.0.4044.113 Safari/537.36"
[2020-04-17T18:12:57.321] [INFO] access - ::1 - - "GET /calendar/img/btn_wagon.png HTTP/1.1" 200 10315 "http://localhost:3000/calendar/" "Mozilla/5.0 (Windows NT 6.3; Win64; x64) AppleWebKit/537.36 (KHTML, like Gecko) Chrome/81.0.4044.113 Safari/537.36"
[2020-04-17T18:12:57.323] [INFO] access - ::1 - - "GET /calendar/img/btn_close.png HTTP/1.1" 200 9385 "http://localhost:3000/calendar/" "Mozilla/5.0 (Windows NT 6.3; Win64; x64) AppleWebKit/537.36 (KHTML, like Gecko) Chrome/81.0.4044.113 Safari/537.36"
[2020-04-17T18:12:57.327] [INFO] access - ::1 - - "GET /calendar/img/close.png HTTP/1.1" 200 498 "http://localhost:3000/calendar/" "Mozilla/5.0 (Windows NT 6.3; Win64; x64) AppleWebKit/537.36 (KHTML, like Gecko) Chrome/81.0.4044.113 Safari/537.36"
[2020-04-17T18:12:57.334] [INFO] access - ::1 - - "GET /calendar/img/btn_hozon.png HTTP/1.1" 200 4261 "http://localhost:3000/calendar/" "Mozilla/5.0 (Windows NT 6.3; Win64; x64) AppleWebKit/537.36 (KHTML, like Gecko) Chrome/81.0.4044.113 Safari/537.36"
[2020-04-17T18:12:57.341] [INFO] access - ::1 - - "GET /calendar/img/btn_edit.png HTTP/1.1" 200 4727 "http://localhost:3000/calendar/" "Mozilla/5.0 (Windows NT 6.3; Win64; x64) AppleWebKit/537.36 (KHTML, like Gecko) Chrome/81.0.4044.113 Safari/537.36"
[2020-04-17T18:12:57.360] [INFO] access - ::1 - - "GET /calendar/img/btn_delete.png HTTP/1.1" 200 7871 "http://localhost:3000/calendar/" "Mozilla/5.0 (Windows NT 6.3; Win64; x64) AppleWebKit/537.36 (KHTML, like Gecko) Chrome/81.0.4044.113 Safari/537.36"
[2020-04-17T18:12:57.740] [ERROR] access - ::1 - - "GET /favicon.ico HTTP/1.1" 404 150 "http://localhost:3000/calendar/" "Mozilla/5.0 (Windows NT 6.3; Win64; x64) AppleWebKit/537.36 (KHTML, like Gecko) Chrome/81.0.4044.113 Safari/537.36"
[2020-04-17T18:12:58.458] [INFO] access - ::1 - - "GET /api/getSchedule HTTP/1.1" 200 66606 "http://localhost:3000/calendar/" "Mozilla/5.0 (Windows NT 6.3; Win64; x64) AppleWebKit/537.36 (KHTML, like Gecko) Chrome/81.0.4044.113 Safari/537.36"
[2020-04-17T18:12:58.480] [WARN] access - ::1 - - "GET /calendar/img/people_w.png HTTP/1.1" 304 - "http://localhost:3000/calendar/" "Mozilla/5.0 (Windows NT 6.3; Win64; x64) AppleWebKit/537.36 (KHTML, like Gecko) Chrome/81.0.4044.113 Safari/537.36"
[2020-04-17T18:13:03.317] [INFO] access - ::1 - - "POST /api/wagon HTTP/1.1" 200 21 "http://localhost:3000/calendar/" "Mozilla/5.0 (Windows NT 6.3; Win64; x64) AppleWebKit/537.36 (KHTML, like Gecko) Chrome/81.0.4044.113 Safari/537.36"
[2020-04-17T18:14:10.975] [INFO] access - ::1 - - "GET /calendar/ HTTP/1.1" 200 14890 "" "Mozilla/5.0 (Windows NT 6.3; Win64; x64) AppleWebKit/537.36 (KHTML, like Gecko) Chrome/81.0.4044.113 Safari/537.36"
[2020-04-17T18:14:11.148] [INFO] access - ::1 - - "GET /calendar/css/ress.css HTTP/1.1" 200 7068 "http://localhost:3000/calendar/" "Mozilla/5.0 (Windows NT 6.3; Win64; x64) AppleWebKit/537.36 (KHTML, like Gecko) Chrome/81.0.4044.113 Safari/537.36"
[2020-04-17T18:14:11.153] [INFO] access - ::1 - - "GET /calendar/css/picker.min.css HTTP/1.1" 200 4810 "http://localhost:3000/calendar/" "Mozilla/5.0 (Windows NT 6.3; Win64; x64) AppleWebKit/537.36 (KHTML, like Gecko) Chrome/81.0.4044.113 Safari/537.36"
[2020-04-17T18:14:11.175] [INFO] access - ::1 - - "GET /calendar/css/style.css HTTP/1.1" 200 15279 "http://localhost:3000/calendar/" "Mozilla/5.0 (Windows NT 6.3; Win64; x64) AppleWebKit/537.36 (KHTML, like Gecko) Chrome/81.0.4044.113 Safari/537.36"
[2020-04-17T18:14:11.189] [INFO] access - ::1 - - "GET /calendar/js/raindrops.js HTTP/1.1" 200 4551 "http://localhost:3000/calendar/" "Mozilla/5.0 (Windows NT 6.3; Win64; x64) AppleWebKit/537.36 (KHTML, like Gecko) Chrome/81.0.4044.113 Safari/537.36"
[2020-04-17T18:14:11.253] [INFO] access - ::1 - - "GET /calendar/js/api.js HTTP/1.1" 200 9143 "http://localhost:3000/calendar/" "Mozilla/5.0 (Windows NT 6.3; Win64; x64) AppleWebKit/537.36 (KHTML, like Gecko) Chrome/81.0.4044.113 Safari/537.36"
[2020-04-17T18:14:11.261] [INFO] access - ::1 - - "GET /calendar/index.js HTTP/1.1" 200 24423 "http://localhost:3000/calendar/" "Mozilla/5.0 (Windows NT 6.3; Win64; x64) AppleWebKit/537.36 (KHTML, like Gecko) Chrome/81.0.4044.113 Safari/537.36"
[2020-04-17T18:14:11.268] [INFO] access - ::1 - - "GET /calendar/js/picker.min.js HTTP/1.1" 200 17616 "http://localhost:3000/calendar/" "Mozilla/5.0 (Windows NT 6.3; Win64; x64) AppleWebKit/537.36 (KHTML, like Gecko) Chrome/81.0.4044.113 Safari/537.36"
[2020-04-17T18:14:11.310] [INFO] access - ::1 - - "GET /calendar/js/function.js HTTP/1.1" 200 45062 "http://localhost:3000/calendar/" "Mozilla/5.0 (Windows NT 6.3; Win64; x64) AppleWebKit/537.36 (KHTML, like Gecko) Chrome/81.0.4044.113 Safari/537.36"
[2020-04-17T18:14:11.331] [INFO] access - ::1 - - "GET /calendar/js/config.js HTTP/1.1" 200 135 "http://localhost:3000/calendar/" "Mozilla/5.0 (Windows NT 6.3; Win64; x64) AppleWebKit/537.36 (KHTML, like Gecko) Chrome/81.0.4044.113 Safari/537.36"
[2020-04-17T18:14:11.458] [INFO] access - ::1 - - "GET /calendar/img/left-arrow.png HTTP/1.1" 200 486 "http://localhost:3000/calendar/" "Mozilla/5.0 (Windows NT 6.3; Win64; x64) AppleWebKit/537.36 (KHTML, like Gecko) Chrome/81.0.4044.113 Safari/537.36"
[2020-04-17T18:14:11.471] [INFO] access - ::1 - - "GET /calendar/img/right-arrow.png HTTP/1.1" 200 491 "http://localhost:3000/calendar/" "Mozilla/5.0 (Windows NT 6.3; Win64; x64) AppleWebKit/537.36 (KHTML, like Gecko) Chrome/81.0.4044.113 Safari/537.36"
[2020-04-17T18:14:11.509] [INFO] access - ::1 - - "GET /calendar/img/time.png HTTP/1.1" 200 613 "http://localhost:3000/calendar/" "Mozilla/5.0 (Windows NT 6.3; Win64; x64) AppleWebKit/537.36 (KHTML, like Gecko) Chrome/81.0.4044.113 Safari/537.36"
[2020-04-17T18:14:11.515] [INFO] access - ::1 - - "GET /calendar/img/people.png HTTP/1.1" 200 625 "http://localhost:3000/calendar/" "Mozilla/5.0 (Windows NT 6.3; Win64; x64) AppleWebKit/537.36 (KHTML, like Gecko) Chrome/81.0.4044.113 Safari/537.36"
[2020-04-17T18:14:11.523] [INFO] access - ::1 - - "GET /calendar/img/btn_use.png HTTP/1.1" 200 11483 "http://localhost:3000/calendar/" "Mozilla/5.0 (Windows NT 6.3; Win64; x64) AppleWebKit/537.36 (KHTML, like Gecko) Chrome/81.0.4044.113 Safari/537.36"
[2020-04-17T18:14:11.534] [INFO] access - ::1 - - "GET /calendar/img/btn_wagon.png HTTP/1.1" 200 10315 "http://localhost:3000/calendar/" "Mozilla/5.0 (Windows NT 6.3; Win64; x64) AppleWebKit/537.36 (KHTML, like Gecko) Chrome/81.0.4044.113 Safari/537.36"
[2020-04-17T18:14:11.539] [INFO] access - ::1 - - "GET /calendar/img/btn_close.png HTTP/1.1" 200 9385 "http://localhost:3000/calendar/" "Mozilla/5.0 (Windows NT 6.3; Win64; x64) AppleWebKit/537.36 (KHTML, like Gecko) Chrome/81.0.4044.113 Safari/537.36"
[2020-04-17T18:14:11.543] [INFO] access - ::1 - - "GET /calendar/img/close.png HTTP/1.1" 200 498 "http://localhost:3000/calendar/" "Mozilla/5.0 (Windows NT 6.3; Win64; x64) AppleWebKit/537.36 (KHTML, like Gecko) Chrome/81.0.4044.113 Safari/537.36"
[2020-04-17T18:14:11.551] [INFO] access - ::1 - - "GET /calendar/img/btn_hozon.png HTTP/1.1" 200 4261 "http://localhost:3000/calendar/" "Mozilla/5.0 (Windows NT 6.3; Win64; x64) AppleWebKit/537.36 (KHTML, like Gecko) Chrome/81.0.4044.113 Safari/537.36"
[2020-04-17T18:14:11.558] [INFO] access - ::1 - - "GET /calendar/img/btn_edit.png HTTP/1.1" 200 4727 "http://localhost:3000/calendar/" "Mozilla/5.0 (Windows NT 6.3; Win64; x64) AppleWebKit/537.36 (KHTML, like Gecko) Chrome/81.0.4044.113 Safari/537.36"
[2020-04-17T18:14:11.588] [INFO] access - ::1 - - "GET /calendar/img/btn_delete.png HTTP/1.1" 200 7871 "http://localhost:3000/calendar/" "Mozilla/5.0 (Windows NT 6.3; Win64; x64) AppleWebKit/537.36 (KHTML, like Gecko) Chrome/81.0.4044.113 Safari/537.36"
[2020-04-17T18:14:12.032] [ERROR] access - ::1 - - "GET /favicon.ico HTTP/1.1" 404 150 "http://localhost:3000/calendar/" "Mozilla/5.0 (Windows NT 6.3; Win64; x64) AppleWebKit/537.36 (KHTML, like Gecko) Chrome/81.0.4044.113 Safari/537.36"
[2020-04-17T18:14:12.688] [INFO] access - ::1 - - "GET /api/getSchedule HTTP/1.1" 200 66606 "http://localhost:3000/calendar/" "Mozilla/5.0 (Windows NT 6.3; Win64; x64) AppleWebKit/537.36 (KHTML, like Gecko) Chrome/81.0.4044.113 Safari/537.36"
[2020-04-17T18:14:12.712] [WARN] access - ::1 - - "GET /calendar/img/people_w.png HTTP/1.1" 304 - "http://localhost:3000/calendar/" "Mozilla/5.0 (Windows NT 6.3; Win64; x64) AppleWebKit/537.36 (KHTML, like Gecko) Chrome/81.0.4044.113 Safari/537.36"
[2020-04-17T18:14:20.046] [INFO] access - ::1 - - "GET /calendar/ HTTP/1.1" 200 14890 "" "Mozilla/5.0 (Windows NT 6.3; Win64; x64) AppleWebKit/537.36 (KHTML, like Gecko) Chrome/81.0.4044.113 Safari/537.36"
[2020-04-17T18:14:20.237] [INFO] access - ::1 - - "GET /calendar/css/ress.css HTTP/1.1" 200 7068 "http://localhost:3000/calendar/" "Mozilla/5.0 (Windows NT 6.3; Win64; x64) AppleWebKit/537.36 (KHTML, like Gecko) Chrome/81.0.4044.113 Safari/537.36"
[2020-04-17T18:14:20.240] [INFO] access - ::1 - - "GET /calendar/css/picker.min.css HTTP/1.1" 200 4810 "http://localhost:3000/calendar/" "Mozilla/5.0 (Windows NT 6.3; Win64; x64) AppleWebKit/537.36 (KHTML, like Gecko) Chrome/81.0.4044.113 Safari/537.36"
[2020-04-17T18:14:20.253] [INFO] access - ::1 - - "GET /calendar/css/style.css HTTP/1.1" 200 15279 "http://localhost:3000/calendar/" "Mozilla/5.0 (Windows NT 6.3; Win64; x64) AppleWebKit/537.36 (KHTML, like Gecko) Chrome/81.0.4044.113 Safari/537.36"
[2020-04-17T18:14:20.264] [INFO] access - ::1 - - "GET /calendar/js/raindrops.js HTTP/1.1" 200 4551 "http://localhost:3000/calendar/" "Mozilla/5.0 (Windows NT 6.3; Win64; x64) AppleWebKit/537.36 (KHTML, like Gecko) Chrome/81.0.4044.113 Safari/537.36"
[2020-04-17T18:14:20.294] [INFO] access - ::1 - - "GET /calendar/js/picker.min.js HTTP/1.1" 200 17616 "http://localhost:3000/calendar/" "Mozilla/5.0 (Windows NT 6.3; Win64; x64) AppleWebKit/537.36 (KHTML, like Gecko) Chrome/81.0.4044.113 Safari/537.36"
[2020-04-17T18:14:20.341] [INFO] access - ::1 - - "GET /calendar/js/config.js HTTP/1.1" 200 135 "http://localhost:3000/calendar/" "Mozilla/5.0 (Windows NT 6.3; Win64; x64) AppleWebKit/537.36 (KHTML, like Gecko) Chrome/81.0.4044.113 Safari/537.36"
[2020-04-17T18:14:20.345] [INFO] access - ::1 - - "GET /calendar/js/api.js HTTP/1.1" 200 9143 "http://localhost:3000/calendar/" "Mozilla/5.0 (Windows NT 6.3; Win64; x64) AppleWebKit/537.36 (KHTML, like Gecko) Chrome/81.0.4044.113 Safari/537.36"
[2020-04-17T18:14:20.364] [INFO] access - ::1 - - "GET /calendar/js/function.js HTTP/1.1" 200 45062 "http://localhost:3000/calendar/" "Mozilla/5.0 (Windows NT 6.3; Win64; x64) AppleWebKit/537.36 (KHTML, like Gecko) Chrome/81.0.4044.113 Safari/537.36"
[2020-04-17T18:14:20.372] [INFO] access - ::1 - - "GET /calendar/index.js HTTP/1.1" 200 24423 "http://localhost:3000/calendar/" "Mozilla/5.0 (Windows NT 6.3; Win64; x64) AppleWebKit/537.36 (KHTML, like Gecko) Chrome/81.0.4044.113 Safari/537.36"
[2020-04-17T18:14:20.476] [INFO] access - ::1 - - "GET /calendar/img/left-arrow.png HTTP/1.1" 200 486 "http://localhost:3000/calendar/" "Mozilla/5.0 (Windows NT 6.3; Win64; x64) AppleWebKit/537.36 (KHTML, like Gecko) Chrome/81.0.4044.113 Safari/537.36"
[2020-04-17T18:14:20.566] [INFO] access - ::1 - - "GET /calendar/img/right-arrow.png HTTP/1.1" 200 491 "http://localhost:3000/calendar/" "Mozilla/5.0 (Windows NT 6.3; Win64; x64) AppleWebKit/537.36 (KHTML, like Gecko) Chrome/81.0.4044.113 Safari/537.36"
[2020-04-17T18:14:20.586] [INFO] access - ::1 - - "GET /calendar/img/time.png HTTP/1.1" 200 613 "http://localhost:3000/calendar/" "Mozilla/5.0 (Windows NT 6.3; Win64; x64) AppleWebKit/537.36 (KHTML, like Gecko) Chrome/81.0.4044.113 Safari/537.36"
[2020-04-17T18:14:20.590] [INFO] access - ::1 - - "GET /calendar/img/people.png HTTP/1.1" 200 625 "http://localhost:3000/calendar/" "Mozilla/5.0 (Windows NT 6.3; Win64; x64) AppleWebKit/537.36 (KHTML, like Gecko) Chrome/81.0.4044.113 Safari/537.36"
[2020-04-17T18:14:20.595] [INFO] access - ::1 - - "GET /calendar/img/btn_use.png HTTP/1.1" 200 11483 "http://localhost:3000/calendar/" "Mozilla/5.0 (Windows NT 6.3; Win64; x64) AppleWebKit/537.36 (KHTML, like Gecko) Chrome/81.0.4044.113 Safari/537.36"
[2020-04-17T18:14:20.598] [INFO] access - ::1 - - "GET /calendar/img/btn_wagon.png HTTP/1.1" 200 10315 "http://localhost:3000/calendar/" "Mozilla/5.0 (Windows NT 6.3; Win64; x64) AppleWebKit/537.36 (KHTML, like Gecko) Chrome/81.0.4044.113 Safari/537.36"
[2020-04-17T18:14:20.604] [INFO] access - ::1 - - "GET /calendar/img/btn_close.png HTTP/1.1" 200 9385 "http://localhost:3000/calendar/" "Mozilla/5.0 (Windows NT 6.3; Win64; x64) AppleWebKit/537.36 (KHTML, like Gecko) Chrome/81.0.4044.113 Safari/537.36"
[2020-04-17T18:14:20.617] [INFO] access - ::1 - - "GET /calendar/img/close.png HTTP/1.1" 200 498 "http://localhost:3000/calendar/" "Mozilla/5.0 (Windows NT 6.3; Win64; x64) AppleWebKit/537.36 (KHTML, like Gecko) Chrome/81.0.4044.113 Safari/537.36"
[2020-04-17T18:14:20.622] [INFO] access - ::1 - - "GET /calendar/img/btn_hozon.png HTTP/1.1" 200 4261 "http://localhost:3000/calendar/" "Mozilla/5.0 (Windows NT 6.3; Win64; x64) AppleWebKit/537.36 (KHTML, like Gecko) Chrome/81.0.4044.113 Safari/537.36"
[2020-04-17T18:14:20.634] [INFO] access - ::1 - - "GET /calendar/img/btn_edit.png HTTP/1.1" 200 4727 "http://localhost:3000/calendar/" "Mozilla/5.0 (Windows NT 6.3; Win64; x64) AppleWebKit/537.36 (KHTML, like Gecko) Chrome/81.0.4044.113 Safari/537.36"
[2020-04-17T18:14:20.643] [INFO] access - ::1 - - "GET /calendar/img/btn_delete.png HTTP/1.1" 200 7871 "http://localhost:3000/calendar/" "Mozilla/5.0 (Windows NT 6.3; Win64; x64) AppleWebKit/537.36 (KHTML, like Gecko) Chrome/81.0.4044.113 Safari/537.36"
[2020-04-17T18:14:20.882] [ERROR] access - ::1 - - "GET /favicon.ico HTTP/1.1" 404 150 "http://localhost:3000/calendar/" "Mozilla/5.0 (Windows NT 6.3; Win64; x64) AppleWebKit/537.36 (KHTML, like Gecko) Chrome/81.0.4044.113 Safari/537.36"
[2020-04-17T18:14:21.275] [INFO] access - ::1 - - "GET /api/getSchedule HTTP/1.1" 200 66606 "http://localhost:3000/calendar/" "Mozilla/5.0 (Windows NT 6.3; Win64; x64) AppleWebKit/537.36 (KHTML, like Gecko) Chrome/81.0.4044.113 Safari/537.36"
[2020-04-17T18:14:21.386] [WARN] access - ::1 - - "GET /calendar/img/people_w.png HTTP/1.1" 304 - "http://localhost:3000/calendar/" "Mozilla/5.0 (Windows NT 6.3; Win64; x64) AppleWebKit/537.36 (KHTML, like Gecko) Chrome/81.0.4044.113 Safari/537.36"
[2020-04-17T18:14:27.106] [INFO] access - ::1 - - "POST /api/wagon HTTP/1.1" 200 21 "http://localhost:3000/calendar/" "Mozilla/5.0 (Windows NT 6.3; Win64; x64) AppleWebKit/537.36 (KHTML, like Gecko) Chrome/81.0.4044.113 Safari/537.36"
[2020-04-17T18:16:01.905] [INFO] access - ::1 - - "GET /calendar/ HTTP/1.1" 200 14890 "" "Mozilla/5.0 (Windows NT 6.3; Win64; x64) AppleWebKit/537.36 (KHTML, like Gecko) Chrome/81.0.4044.113 Safari/537.36"
[2020-04-17T18:16:01.999] [INFO] access - ::1 - - "GET /calendar/css/ress.css HTTP/1.1" 200 7068 "http://localhost:3000/calendar/" "Mozilla/5.0 (Windows NT 6.3; Win64; x64) AppleWebKit/537.36 (KHTML, like Gecko) Chrome/81.0.4044.113 Safari/537.36"
[2020-04-17T18:16:02.020] [INFO] access - ::1 - - "GET /calendar/css/picker.min.css HTTP/1.1" 200 4810 "http://localhost:3000/calendar/" "Mozilla/5.0 (Windows NT 6.3; Win64; x64) AppleWebKit/537.36 (KHTML, like Gecko) Chrome/81.0.4044.113 Safari/537.36"
[2020-04-17T18:16:02.041] [INFO] access - ::1 - - "GET /calendar/css/style.css HTTP/1.1" 200 15279 "http://localhost:3000/calendar/" "Mozilla/5.0 (Windows NT 6.3; Win64; x64) AppleWebKit/537.36 (KHTML, like Gecko) Chrome/81.0.4044.113 Safari/537.36"
[2020-04-17T18:16:02.060] [INFO] access - ::1 - - "GET /calendar/js/raindrops.js HTTP/1.1" 200 4551 "http://localhost:3000/calendar/" "Mozilla/5.0 (Windows NT 6.3; Win64; x64) AppleWebKit/537.36 (KHTML, like Gecko) Chrome/81.0.4044.113 Safari/537.36"
[2020-04-17T18:16:02.077] [INFO] access - ::1 - - "GET /calendar/js/picker.min.js HTTP/1.1" 200 17616 "http://localhost:3000/calendar/" "Mozilla/5.0 (Windows NT 6.3; Win64; x64) AppleWebKit/537.36 (KHTML, like Gecko) Chrome/81.0.4044.113 Safari/537.36"
[2020-04-17T18:16:02.160] [INFO] access - ::1 - - "GET /calendar/js/config.js HTTP/1.1" 200 135 "http://localhost:3000/calendar/" "Mozilla/5.0 (Windows NT 6.3; Win64; x64) AppleWebKit/537.36 (KHTML, like Gecko) Chrome/81.0.4044.113 Safari/537.36"
[2020-04-17T18:16:02.185] [INFO] access - ::1 - - "GET /calendar/js/function.js HTTP/1.1" 200 45062 "http://localhost:3000/calendar/" "Mozilla/5.0 (Windows NT 6.3; Win64; x64) AppleWebKit/537.36 (KHTML, like Gecko) Chrome/81.0.4044.113 Safari/537.36"
[2020-04-17T18:16:02.188] [INFO] access - ::1 - - "GET /calendar/js/api.js HTTP/1.1" 200 9143 "http://localhost:3000/calendar/" "Mozilla/5.0 (Windows NT 6.3; Win64; x64) AppleWebKit/537.36 (KHTML, like Gecko) Chrome/81.0.4044.113 Safari/537.36"
[2020-04-17T18:16:02.195] [INFO] access - ::1 - - "GET /calendar/index.js HTTP/1.1" 200 24423 "http://localhost:3000/calendar/" "Mozilla/5.0 (Windows NT 6.3; Win64; x64) AppleWebKit/537.36 (KHTML, like Gecko) Chrome/81.0.4044.113 Safari/537.36"
[2020-04-17T18:16:02.417] [INFO] access - ::1 - - "GET /calendar/img/left-arrow.png HTTP/1.1" 200 486 "http://localhost:3000/calendar/" "Mozilla/5.0 (Windows NT 6.3; Win64; x64) AppleWebKit/537.36 (KHTML, like Gecko) Chrome/81.0.4044.113 Safari/537.36"
[2020-04-17T18:16:02.421] [INFO] access - ::1 - - "GET /calendar/img/right-arrow.png HTTP/1.1" 200 491 "http://localhost:3000/calendar/" "Mozilla/5.0 (Windows NT 6.3; Win64; x64) AppleWebKit/537.36 (KHTML, like Gecko) Chrome/81.0.4044.113 Safari/537.36"
[2020-04-17T18:16:02.428] [INFO] access - ::1 - - "GET /calendar/img/time.png HTTP/1.1" 200 613 "http://localhost:3000/calendar/" "Mozilla/5.0 (Windows NT 6.3; Win64; x64) AppleWebKit/537.36 (KHTML, like Gecko) Chrome/81.0.4044.113 Safari/537.36"
[2020-04-17T18:16:02.431] [INFO] access - ::1 - - "GET /calendar/img/people.png HTTP/1.1" 200 625 "http://localhost:3000/calendar/" "Mozilla/5.0 (Windows NT 6.3; Win64; x64) AppleWebKit/537.36 (KHTML, like Gecko) Chrome/81.0.4044.113 Safari/537.36"
[2020-04-17T18:16:02.435] [INFO] access - ::1 - - "GET /calendar/img/btn_use.png HTTP/1.1" 200 11483 "http://localhost:3000/calendar/" "Mozilla/5.0 (Windows NT 6.3; Win64; x64) AppleWebKit/537.36 (KHTML, like Gecko) Chrome/81.0.4044.113 Safari/537.36"
[2020-04-17T18:16:02.445] [INFO] access - ::1 - - "GET /calendar/img/btn_wagon.png HTTP/1.1" 200 10315 "http://localhost:3000/calendar/" "Mozilla/5.0 (Windows NT 6.3; Win64; x64) AppleWebKit/537.36 (KHTML, like Gecko) Chrome/81.0.4044.113 Safari/537.36"
[2020-04-17T18:16:02.451] [INFO] access - ::1 - - "GET /calendar/img/btn_close.png HTTP/1.1" 200 9385 "http://localhost:3000/calendar/" "Mozilla/5.0 (Windows NT 6.3; Win64; x64) AppleWebKit/537.36 (KHTML, like Gecko) Chrome/81.0.4044.113 Safari/537.36"
[2020-04-17T18:16:02.471] [INFO] access - ::1 - - "GET /calendar/img/close.png HTTP/1.1" 200 498 "http://localhost:3000/calendar/" "Mozilla/5.0 (Windows NT 6.3; Win64; x64) AppleWebKit/537.36 (KHTML, like Gecko) Chrome/81.0.4044.113 Safari/537.36"
[2020-04-17T18:16:02.474] [INFO] access - ::1 - - "GET /calendar/img/btn_hozon.png HTTP/1.1" 200 4261 "http://localhost:3000/calendar/" "Mozilla/5.0 (Windows NT 6.3; Win64; x64) AppleWebKit/537.36 (KHTML, like Gecko) Chrome/81.0.4044.113 Safari/537.36"
[2020-04-17T18:16:02.491] [INFO] access - ::1 - - "GET /calendar/img/btn_edit.png HTTP/1.1" 200 4727 "http://localhost:3000/calendar/" "Mozilla/5.0 (Windows NT 6.3; Win64; x64) AppleWebKit/537.36 (KHTML, like Gecko) Chrome/81.0.4044.113 Safari/537.36"
[2020-04-17T18:16:02.494] [INFO] access - ::1 - - "GET /calendar/img/btn_delete.png HTTP/1.1" 200 7871 "http://localhost:3000/calendar/" "Mozilla/5.0 (Windows NT 6.3; Win64; x64) AppleWebKit/537.36 (KHTML, like Gecko) Chrome/81.0.4044.113 Safari/537.36"
[2020-04-17T18:16:02.823] [ERROR] access - ::1 - - "GET /favicon.ico HTTP/1.1" 404 150 "http://localhost:3000/calendar/" "Mozilla/5.0 (Windows NT 6.3; Win64; x64) AppleWebKit/537.36 (KHTML, like Gecko) Chrome/81.0.4044.113 Safari/537.36"
[2020-04-17T18:16:03.465] [INFO] access - ::1 - - "GET /api/getSchedule HTTP/1.1" 200 66606 "http://localhost:3000/calendar/" "Mozilla/5.0 (Windows NT 6.3; Win64; x64) AppleWebKit/537.36 (KHTML, like Gecko) Chrome/81.0.4044.113 Safari/537.36"
[2020-04-17T18:16:03.490] [WARN] access - ::1 - - "GET /calendar/img/people_w.png HTTP/1.1" 304 - "http://localhost:3000/calendar/" "Mozilla/5.0 (Windows NT 6.3; Win64; x64) AppleWebKit/537.36 (KHTML, like Gecko) Chrome/81.0.4044.113 Safari/537.36"
[2020-04-17T18:16:23.983] [INFO] access - ::1 - - "POST /api/wagon HTTP/1.1" 200 21 "http://localhost:3000/calendar/" "Mozilla/5.0 (Windows NT 6.3; Win64; x64) AppleWebKit/537.36 (KHTML, like Gecko) Chrome/81.0.4044.113 Safari/537.36"
[2020-04-17T18:17:40.465] [INFO] access - ::1 - - "GET /calendar/ HTTP/1.1" 200 14890 "" "Mozilla/5.0 (Windows NT 6.3; Win64; x64) AppleWebKit/537.36 (KHTML, like Gecko) Chrome/81.0.4044.113 Safari/537.36"
[2020-04-17T18:17:40.561] [INFO] access - ::1 - - "GET /calendar/css/ress.css HTTP/1.1" 200 7068 "http://localhost:3000/calendar/" "Mozilla/5.0 (Windows NT 6.3; Win64; x64) AppleWebKit/537.36 (KHTML, like Gecko) Chrome/81.0.4044.113 Safari/537.36"
[2020-04-17T18:17:40.570] [INFO] access - ::1 - - "GET /calendar/css/picker.min.css HTTP/1.1" 200 4810 "http://localhost:3000/calendar/" "Mozilla/5.0 (Windows NT 6.3; Win64; x64) AppleWebKit/537.36 (KHTML, like Gecko) Chrome/81.0.4044.113 Safari/537.36"
[2020-04-17T18:17:40.621] [INFO] access - ::1 - - "GET /calendar/css/style.css HTTP/1.1" 200 15279 "http://localhost:3000/calendar/" "Mozilla/5.0 (Windows NT 6.3; Win64; x64) AppleWebKit/537.36 (KHTML, like Gecko) Chrome/81.0.4044.113 Safari/537.36"
[2020-04-17T18:17:40.640] [INFO] access - ::1 - - "GET /calendar/js/raindrops.js HTTP/1.1" 200 4551 "http://localhost:3000/calendar/" "Mozilla/5.0 (Windows NT 6.3; Win64; x64) AppleWebKit/537.36 (KHTML, like Gecko) Chrome/81.0.4044.113 Safari/537.36"
[2020-04-17T18:17:40.671] [INFO] access - ::1 - - "GET /calendar/js/function.js HTTP/1.1" 200 45062 "http://localhost:3000/calendar/" "Mozilla/5.0 (Windows NT 6.3; Win64; x64) AppleWebKit/537.36 (KHTML, like Gecko) Chrome/81.0.4044.113 Safari/537.36"
[2020-04-17T18:17:40.677] [INFO] access - ::1 - - "GET /calendar/js/api.js HTTP/1.1" 200 9143 "http://localhost:3000/calendar/" "Mozilla/5.0 (Windows NT 6.3; Win64; x64) AppleWebKit/537.36 (KHTML, like Gecko) Chrome/81.0.4044.113 Safari/537.36"
[2020-04-17T18:17:40.690] [INFO] access - ::1 - - "GET /calendar/index.js HTTP/1.1" 200 24423 "http://localhost:3000/calendar/" "Mozilla/5.0 (Windows NT 6.3; Win64; x64) AppleWebKit/537.36 (KHTML, like Gecko) Chrome/81.0.4044.113 Safari/537.36"
[2020-04-17T18:17:40.716] [INFO] access - ::1 - - "GET /calendar/js/picker.min.js HTTP/1.1" 200 17616 "http://localhost:3000/calendar/" "Mozilla/5.0 (Windows NT 6.3; Win64; x64) AppleWebKit/537.36 (KHTML, like Gecko) Chrome/81.0.4044.113 Safari/537.36"
[2020-04-17T18:17:40.722] [INFO] access - ::1 - - "GET /calendar/js/config.js HTTP/1.1" 200 135 "http://localhost:3000/calendar/" "Mozilla/5.0 (Windows NT 6.3; Win64; x64) AppleWebKit/537.36 (KHTML, like Gecko) Chrome/81.0.4044.113 Safari/537.36"
[2020-04-17T18:17:40.904] [INFO] access - ::1 - - "GET /calendar/img/left-arrow.png HTTP/1.1" 200 486 "http://localhost:3000/calendar/" "Mozilla/5.0 (Windows NT 6.3; Win64; x64) AppleWebKit/537.36 (KHTML, like Gecko) Chrome/81.0.4044.113 Safari/537.36"
[2020-04-17T18:17:40.911] [INFO] access - ::1 - - "GET /calendar/img/right-arrow.png HTTP/1.1" 200 491 "http://localhost:3000/calendar/" "Mozilla/5.0 (Windows NT 6.3; Win64; x64) AppleWebKit/537.36 (KHTML, like Gecko) Chrome/81.0.4044.113 Safari/537.36"
[2020-04-17T18:17:40.990] [INFO] access - ::1 - - "GET /calendar/img/time.png HTTP/1.1" 200 613 "http://localhost:3000/calendar/" "Mozilla/5.0 (Windows NT 6.3; Win64; x64) AppleWebKit/537.36 (KHTML, like Gecko) Chrome/81.0.4044.113 Safari/537.36"
[2020-04-17T18:17:40.994] [INFO] access - ::1 - - "GET /calendar/img/people.png HTTP/1.1" 200 625 "http://localhost:3000/calendar/" "Mozilla/5.0 (Windows NT 6.3; Win64; x64) AppleWebKit/537.36 (KHTML, like Gecko) Chrome/81.0.4044.113 Safari/537.36"
[2020-04-17T18:17:41.014] [INFO] access - ::1 - - "GET /calendar/img/btn_use.png HTTP/1.1" 200 11483 "http://localhost:3000/calendar/" "Mozilla/5.0 (Windows NT 6.3; Win64; x64) AppleWebKit/537.36 (KHTML, like Gecko) Chrome/81.0.4044.113 Safari/537.36"
[2020-04-17T18:17:41.017] [INFO] access - ::1 - - "GET /calendar/img/btn_wagon.png HTTP/1.1" 200 10315 "http://localhost:3000/calendar/" "Mozilla/5.0 (Windows NT 6.3; Win64; x64) AppleWebKit/537.36 (KHTML, like Gecko) Chrome/81.0.4044.113 Safari/537.36"
[2020-04-17T18:17:41.020] [INFO] access - ::1 - - "GET /calendar/img/btn_close.png HTTP/1.1" 200 9385 "http://localhost:3000/calendar/" "Mozilla/5.0 (Windows NT 6.3; Win64; x64) AppleWebKit/537.36 (KHTML, like Gecko) Chrome/81.0.4044.113 Safari/537.36"
[2020-04-17T18:17:41.032] [INFO] access - ::1 - - "GET /calendar/img/close.png HTTP/1.1" 200 498 "http://localhost:3000/calendar/" "Mozilla/5.0 (Windows NT 6.3; Win64; x64) AppleWebKit/537.36 (KHTML, like Gecko) Chrome/81.0.4044.113 Safari/537.36"
[2020-04-17T18:17:41.040] [INFO] access - ::1 - - "GET /calendar/img/btn_hozon.png HTTP/1.1" 200 4261 "http://localhost:3000/calendar/" "Mozilla/5.0 (Windows NT 6.3; Win64; x64) AppleWebKit/537.36 (KHTML, like Gecko) Chrome/81.0.4044.113 Safari/537.36"
[2020-04-17T18:17:41.044] [INFO] access - ::1 - - "GET /calendar/img/btn_edit.png HTTP/1.1" 200 4727 "http://localhost:3000/calendar/" "Mozilla/5.0 (Windows NT 6.3; Win64; x64) AppleWebKit/537.36 (KHTML, like Gecko) Chrome/81.0.4044.113 Safari/537.36"
[2020-04-17T18:17:41.052] [INFO] access - ::1 - - "GET /calendar/img/btn_delete.png HTTP/1.1" 200 7871 "http://localhost:3000/calendar/" "Mozilla/5.0 (Windows NT 6.3; Win64; x64) AppleWebKit/537.36 (KHTML, like Gecko) Chrome/81.0.4044.113 Safari/537.36"
[2020-04-17T18:17:41.463] [ERROR] access - ::1 - - "GET /favicon.ico HTTP/1.1" 404 150 "http://localhost:3000/calendar/" "Mozilla/5.0 (Windows NT 6.3; Win64; x64) AppleWebKit/537.36 (KHTML, like Gecko) Chrome/81.0.4044.113 Safari/537.36"
[2020-04-17T18:17:42.513] [INFO] access - ::1 - - "GET /api/getSchedule HTTP/1.1" 200 66606 "http://localhost:3000/calendar/" "Mozilla/5.0 (Windows NT 6.3; Win64; x64) AppleWebKit/537.36 (KHTML, like Gecko) Chrome/81.0.4044.113 Safari/537.36"
[2020-04-17T18:17:42.533] [WARN] access - ::1 - - "GET /calendar/img/people_w.png HTTP/1.1" 304 - "http://localhost:3000/calendar/" "Mozilla/5.0 (Windows NT 6.3; Win64; x64) AppleWebKit/537.36 (KHTML, like Gecko) Chrome/81.0.4044.113 Safari/537.36"
[2020-04-17T18:18:06.810] [INFO] access - ::1 - - "POST /api/wagon HTTP/1.1" 200 64 "http://localhost:3000/calendar/" "Mozilla/5.0 (Windows NT 6.3; Win64; x64) AppleWebKit/537.36 (KHTML, like Gecko) Chrome/81.0.4044.113 Safari/537.36"
[2020-04-17T18:19:58.344] [INFO] access - ::1 - - "POST /api/wagon HTTP/1.1" 200 64 "http://localhost:3000/calendar/" "Mozilla/5.0 (Windows NT 6.3; Win64; x64) AppleWebKit/537.36 (KHTML, like Gecko) Chrome/81.0.4044.113 Safari/537.36"
[2020-04-17T18:21:40.424] [INFO] access - ::1 - - "GET /calendar/ HTTP/1.1" 200 14890 "" "Mozilla/5.0 (Windows NT 6.3; Win64; x64) AppleWebKit/537.36 (KHTML, like Gecko) Chrome/81.0.4044.113 Safari/537.36"
[2020-04-17T18:21:40.595] [INFO] access - ::1 - - "GET /calendar/css/ress.css HTTP/1.1" 200 7068 "http://localhost:3000/calendar/" "Mozilla/5.0 (Windows NT 6.3; Win64; x64) AppleWebKit/537.36 (KHTML, like Gecko) Chrome/81.0.4044.113 Safari/537.36"
[2020-04-17T18:21:40.599] [INFO] access - ::1 - - "GET /calendar/css/picker.min.css HTTP/1.1" 200 4810 "http://localhost:3000/calendar/" "Mozilla/5.0 (Windows NT 6.3; Win64; x64) AppleWebKit/537.36 (KHTML, like Gecko) Chrome/81.0.4044.113 Safari/537.36"
[2020-04-17T18:21:40.611] [INFO] access - ::1 - - "GET /calendar/css/style.css HTTP/1.1" 200 15279 "http://localhost:3000/calendar/" "Mozilla/5.0 (Windows NT 6.3; Win64; x64) AppleWebKit/537.36 (KHTML, like Gecko) Chrome/81.0.4044.113 Safari/537.36"
[2020-04-17T18:21:40.630] [INFO] access - ::1 - - "GET /calendar/js/raindrops.js HTTP/1.1" 200 4551 "http://localhost:3000/calendar/" "Mozilla/5.0 (Windows NT 6.3; Win64; x64) AppleWebKit/537.36 (KHTML, like Gecko) Chrome/81.0.4044.113 Safari/537.36"
[2020-04-17T18:21:40.660] [INFO] access - ::1 - - "GET /calendar/js/picker.min.js HTTP/1.1" 200 17616 "http://localhost:3000/calendar/" "Mozilla/5.0 (Windows NT 6.3; Win64; x64) AppleWebKit/537.36 (KHTML, like Gecko) Chrome/81.0.4044.113 Safari/537.36"
[2020-04-17T18:21:40.696] [INFO] access - ::1 - - "GET /calendar/js/function.js HTTP/1.1" 200 45062 "http://localhost:3000/calendar/" "Mozilla/5.0 (Windows NT 6.3; Win64; x64) AppleWebKit/537.36 (KHTML, like Gecko) Chrome/81.0.4044.113 Safari/537.36"
[2020-04-17T18:21:40.703] [INFO] access - ::1 - - "GET /calendar/js/api.js HTTP/1.1" 200 9143 "http://localhost:3000/calendar/" "Mozilla/5.0 (Windows NT 6.3; Win64; x64) AppleWebKit/537.36 (KHTML, like Gecko) Chrome/81.0.4044.113 Safari/537.36"
[2020-04-17T18:21:40.721] [INFO] access - ::1 - - "GET /calendar/js/config.js HTTP/1.1" 200 135 "http://localhost:3000/calendar/" "Mozilla/5.0 (Windows NT 6.3; Win64; x64) AppleWebKit/537.36 (KHTML, like Gecko) Chrome/81.0.4044.113 Safari/537.36"
[2020-04-17T18:21:40.752] [INFO] access - ::1 - - "GET /calendar/index.js HTTP/1.1" 200 24423 "http://localhost:3000/calendar/" "Mozilla/5.0 (Windows NT 6.3; Win64; x64) AppleWebKit/537.36 (KHTML, like Gecko) Chrome/81.0.4044.113 Safari/537.36"
[2020-04-17T18:21:40.904] [INFO] access - ::1 - - "GET /calendar/img/left-arrow.png HTTP/1.1" 200 486 "http://localhost:3000/calendar/" "Mozilla/5.0 (Windows NT 6.3; Win64; x64) AppleWebKit/537.36 (KHTML, like Gecko) Chrome/81.0.4044.113 Safari/537.36"
[2020-04-17T18:21:40.927] [INFO] access - ::1 - - "GET /calendar/img/right-arrow.png HTTP/1.1" 200 491 "http://localhost:3000/calendar/" "Mozilla/5.0 (Windows NT 6.3; Win64; x64) AppleWebKit/537.36 (KHTML, like Gecko) Chrome/81.0.4044.113 Safari/537.36"
[2020-04-17T18:21:40.935] [INFO] access - ::1 - - "GET /calendar/img/time.png HTTP/1.1" 200 613 "http://localhost:3000/calendar/" "Mozilla/5.0 (Windows NT 6.3; Win64; x64) AppleWebKit/537.36 (KHTML, like Gecko) Chrome/81.0.4044.113 Safari/537.36"
[2020-04-17T18:21:40.952] [INFO] access - ::1 - - "GET /calendar/img/people.png HTTP/1.1" 200 625 "http://localhost:3000/calendar/" "Mozilla/5.0 (Windows NT 6.3; Win64; x64) AppleWebKit/537.36 (KHTML, like Gecko) Chrome/81.0.4044.113 Safari/537.36"
[2020-04-17T18:21:40.968] [INFO] access - ::1 - - "GET /calendar/img/btn_use.png HTTP/1.1" 200 11483 "http://localhost:3000/calendar/" "Mozilla/5.0 (Windows NT 6.3; Win64; x64) AppleWebKit/537.36 (KHTML, like Gecko) Chrome/81.0.4044.113 Safari/537.36"
[2020-04-17T18:21:40.981] [INFO] access - ::1 - - "GET /calendar/img/btn_wagon.png HTTP/1.1" 200 10315 "http://localhost:3000/calendar/" "Mozilla/5.0 (Windows NT 6.3; Win64; x64) AppleWebKit/537.36 (KHTML, like Gecko) Chrome/81.0.4044.113 Safari/537.36"
[2020-04-17T18:21:41.002] [INFO] access - ::1 - - "GET /calendar/img/btn_close.png HTTP/1.1" 200 9385 "http://localhost:3000/calendar/" "Mozilla/5.0 (Windows NT 6.3; Win64; x64) AppleWebKit/537.36 (KHTML, like Gecko) Chrome/81.0.4044.113 Safari/537.36"
[2020-04-17T18:21:41.010] [INFO] access - ::1 - - "GET /calendar/img/btn_hozon.png HTTP/1.1" 200 4261 "http://localhost:3000/calendar/" "Mozilla/5.0 (Windows NT 6.3; Win64; x64) AppleWebKit/537.36 (KHTML, like Gecko) Chrome/81.0.4044.113 Safari/537.36"
[2020-04-17T18:21:41.030] [INFO] access - ::1 - - "GET /calendar/img/close.png HTTP/1.1" 200 498 "http://localhost:3000/calendar/" "Mozilla/5.0 (Windows NT 6.3; Win64; x64) AppleWebKit/537.36 (KHTML, like Gecko) Chrome/81.0.4044.113 Safari/537.36"
[2020-04-17T18:21:41.038] [INFO] access - ::1 - - "GET /calendar/img/btn_edit.png HTTP/1.1" 200 4727 "http://localhost:3000/calendar/" "Mozilla/5.0 (Windows NT 6.3; Win64; x64) AppleWebKit/537.36 (KHTML, like Gecko) Chrome/81.0.4044.113 Safari/537.36"
[2020-04-17T18:21:41.047] [INFO] access - ::1 - - "GET /calendar/img/btn_delete.png HTTP/1.1" 200 7871 "http://localhost:3000/calendar/" "Mozilla/5.0 (Windows NT 6.3; Win64; x64) AppleWebKit/537.36 (KHTML, like Gecko) Chrome/81.0.4044.113 Safari/537.36"
[2020-04-17T18:21:41.433] [ERROR] access - ::1 - - "GET /favicon.ico HTTP/1.1" 404 150 "http://localhost:3000/calendar/" "Mozilla/5.0 (Windows NT 6.3; Win64; x64) AppleWebKit/537.36 (KHTML, like Gecko) Chrome/81.0.4044.113 Safari/537.36"
[2020-04-17T18:21:43.203] [INFO] access - ::1 - - "GET /api/getSchedule HTTP/1.1" 200 66606 "http://localhost:3000/calendar/" "Mozilla/5.0 (Windows NT 6.3; Win64; x64) AppleWebKit/537.36 (KHTML, like Gecko) Chrome/81.0.4044.113 Safari/537.36"
[2020-04-17T18:21:43.235] [WARN] access - ::1 - - "GET /calendar/img/people_w.png HTTP/1.1" 304 - "http://localhost:3000/calendar/" "Mozilla/5.0 (Windows NT 6.3; Win64; x64) AppleWebKit/537.36 (KHTML, like Gecko) Chrome/81.0.4044.113 Safari/537.36"
[2020-04-17T18:22:09.068] [INFO] access - ::1 - - "POST /api/wagon HTTP/1.1" 200 64 "http://localhost:3000/calendar/" "Mozilla/5.0 (Windows NT 6.3; Win64; x64) AppleWebKit/537.36 (KHTML, like Gecko) Chrome/81.0.4044.113 Safari/537.36"
